{"C:\\Users\\35845\\Desktop\\projekteja\\calculator\\src\\App.jsx": {"path":"C:\\Users\\35845\\Desktop\\projekteja\\calculator\\src\\App.jsx","statementMap":{"0":{"start":{"line":7,"column":28},"end":{"line":7,"column":40}},"1":{"start":{"line":8,"column":40},"end":{"line":8,"column":52}},"2":{"start":{"line":9,"column":40},"end":{"line":9,"column":53}},"3":{"start":{"line":10,"column":50},"end":{"line":10,"column":65}},"4":{"start":{"line":11,"column":20},"end":{"line":32,"column":3}},"5":{"start":{"line":34,"column":22},"end":{"line":72,"column":3}},"6":{"start":{"line":35,"column":4},"end":{"line":71,"column":5}},"7":{"start":{"line":36,"column":6},"end":{"line":36,"column":32}},"8":{"start":{"line":37,"column":6},"end":{"line":37,"column":24}},"9":{"start":{"line":38,"column":6},"end":{"line":38,"column":47}},"10":{"start":{"line":39,"column":11},"end":{"line":71,"column":5}},"11":{"start":{"line":41,"column":11},"end":{"line":71,"column":5}},"12":{"start":{"line":42,"column":6},"end":{"line":42,"column":33}},"13":{"start":{"line":43,"column":6},"end":{"line":43,"column":19}},"14":{"start":{"line":44,"column":6},"end":{"line":44,"column":25}},"15":{"start":{"line":45,"column":6},"end":{"line":45,"column":26}},"16":{"start":{"line":47,"column":6},"end":{"line":70,"column":7}},"17":{"start":{"line":50,"column":25},"end":{"line":50,"column":36}},"18":{"start":{"line":51,"column":8},"end":{"line":51,"column":32}},"19":{"start":{"line":53,"column":19},"end":{"line":53,"column":30}},"20":{"start":{"line":54,"column":8},"end":{"line":54,"column":28}},"21":{"start":{"line":55,"column":8},"end":{"line":55,"column":26}},"22":{"start":{"line":57,"column":8},"end":{"line":57,"column":23}},"23":{"start":{"line":58,"column":8},"end":{"line":58,"column":35}},"24":{"start":{"line":59,"column":8},"end":{"line":59,"column":35}},"25":{"start":{"line":62,"column":19},"end":{"line":62,"column":30}},"26":{"start":{"line":63,"column":8},"end":{"line":63,"column":26}},"27":{"start":{"line":64,"column":8},"end":{"line":64,"column":29}},"28":{"start":{"line":65,"column":8},"end":{"line":69,"column":9}},"29":{"start":{"line":66,"column":10},"end":{"line":66,"column":38}},"30":{"start":{"line":68,"column":10},"end":{"line":68,"column":38}},"31":{"start":{"line":74,"column":21},"end":{"line":94,"column":3}},"32":{"start":{"line":76,"column":19},"end":{"line":76,"column":21}},"33":{"start":{"line":77,"column":16},"end":{"line":77,"column":18}},"34":{"start":{"line":78,"column":4},"end":{"line":89,"column":5}},"35":{"start":{"line":78,"column":17},"end":{"line":78,"column":18}},"36":{"start":{"line":79,"column":6},"end":{"line":79,"column":37}},"37":{"start":{"line":79,"column":28},"end":{"line":79,"column":37}},"38":{"start":{"line":80,"column":6},"end":{"line":88,"column":7}},"39":{"start":{"line":81,"column":8},"end":{"line":81,"column":26}},"40":{"start":{"line":83,"column":8},"end":{"line":86,"column":9}},"41":{"start":{"line":84,"column":10},"end":{"line":84,"column":29}},"42":{"start":{"line":85,"column":10},"end":{"line":85,"column":21}},"43":{"start":{"line":87,"column":8},"end":{"line":87,"column":30}},"44":{"start":{"line":90,"column":4},"end":{"line":92,"column":5}},"45":{"start":{"line":91,"column":6},"end":{"line":91,"column":25}},"46":{"start":{"line":93,"column":4},"end":{"line":93,"column":25}},"47":{"start":{"line":96,"column":2},"end":{"line":98,"column":14}},"48":{"start":{"line":100,"column":17},"end":{"line":103,"column":3}},"49":{"start":{"line":101,"column":4},"end":{"line":101,"column":26}},"50":{"start":{"line":101,"column":19},"end":{"line":101,"column":26}},"51":{"start":{"line":102,"column":4},"end":{"line":102,"column":61}},"52":{"start":{"line":105,"column":23},"end":{"line":149,"column":3}},"53":{"start":{"line":106,"column":18},"end":{"line":106,"column":20}},"54":{"start":{"line":107,"column":17},"end":{"line":107,"column":19}},"55":{"start":{"line":109,"column":24},"end":{"line":131,"column":5}},"56":{"start":{"line":110,"column":6},"end":{"line":130,"column":7}},"57":{"start":{"line":112,"column":10},"end":{"line":112,"column":29}},"58":{"start":{"line":113,"column":10},"end":{"line":113,"column":16}},"59":{"start":{"line":115,"column":21},"end":{"line":115,"column":26}},"60":{"start":{"line":116,"column":19},"end":{"line":116,"column":42}},"61":{"start":{"line":118,"column":10},"end":{"line":127,"column":11}},"62":{"start":{"line":125,"column":12},"end":{"line":125,"column":37}},"63":{"start":{"line":126,"column":12},"end":{"line":126,"column":41}},"64":{"start":{"line":128,"column":10},"end":{"line":128,"column":25}},"65":{"start":{"line":129,"column":10},"end":{"line":129,"column":16}},"66":{"start":{"line":133,"column":4},"end":{"line":137,"column":5}},"67":{"start":{"line":134,"column":6},"end":{"line":134,"column":30}},"68":{"start":{"line":134,"column":21},"end":{"line":134,"column":30}},"69":{"start":{"line":136,"column":6},"end":{"line":136,"column":21}},"70":{"start":{"line":139,"column":4},"end":{"line":142,"column":5}},"71":{"start":{"line":140,"column":6},"end":{"line":140,"column":46}},"72":{"start":{"line":141,"column":6},"end":{"line":141,"column":31}},"73":{"start":{"line":148,"column":4},"end":{"line":148,"column":30}},"74":{"start":{"line":151,"column":28},"end":{"line":185,"column":3}},"75":{"start":{"line":152,"column":18},"end":{"line":152,"column":20}},"76":{"start":{"line":154,"column":24},"end":{"line":178,"column":5}},"77":{"start":{"line":155,"column":6},"end":{"line":158,"column":7}},"78":{"start":{"line":156,"column":8},"end":{"line":156,"column":26}},"79":{"start":{"line":157,"column":8},"end":{"line":157,"column":15}},"80":{"start":{"line":160,"column":20},"end":{"line":160,"column":43}},"81":{"start":{"line":161,"column":19},"end":{"line":161,"column":42}},"82":{"start":{"line":164,"column":6},"end":{"line":177,"column":7}},"83":{"start":{"line":166,"column":10},"end":{"line":166,"column":35}},"84":{"start":{"line":167,"column":10},"end":{"line":167,"column":17}},"85":{"start":{"line":169,"column":10},"end":{"line":169,"column":35}},"86":{"start":{"line":170,"column":10},"end":{"line":170,"column":17}},"87":{"start":{"line":172,"column":10},"end":{"line":172,"column":35}},"88":{"start":{"line":173,"column":10},"end":{"line":173,"column":17}},"89":{"start":{"line":175,"column":10},"end":{"line":175,"column":35}},"90":{"start":{"line":176,"column":10},"end":{"line":176,"column":17}},"91":{"start":{"line":180,"column":4},"end":{"line":183,"column":5}},"92":{"start":{"line":181,"column":6},"end":{"line":181,"column":30}},"93":{"start":{"line":181,"column":21},"end":{"line":181,"column":30}},"94":{"start":{"line":182,"column":6},"end":{"line":182,"column":21}},"95":{"start":{"line":184,"column":4},"end":{"line":184,"column":32}},"96":{"start":{"line":187,"column":2},"end":{"line":192,"column":4}}},"fnMap":{"0":{"name":"App","decl":{"start":{"line":6,"column":9},"end":{"line":6,"column":12}},"loc":{"start":{"line":6,"column":15},"end":{"line":193,"column":1}},"line":6},"1":{"name":"(anonymous_1)","decl":{"start":{"line":34,"column":22},"end":{"line":34,"column":23}},"loc":{"start":{"line":34,"column":37},"end":{"line":72,"column":3}},"line":34},"2":{"name":"(anonymous_2)","decl":{"start":{"line":74,"column":21},"end":{"line":74,"column":22}},"loc":{"start":{"line":74,"column":32},"end":{"line":94,"column":3}},"line":74},"3":{"name":"(anonymous_3)","decl":{"start":{"line":96,"column":12},"end":{"line":96,"column":13}},"loc":{"start":{"line":96,"column":18},"end":{"line":98,"column":3}},"line":96},"4":{"name":"(anonymous_4)","decl":{"start":{"line":100,"column":17},"end":{"line":100,"column":18}},"loc":{"start":{"line":100,"column":32},"end":{"line":103,"column":3}},"line":100},"5":{"name":"(anonymous_5)","decl":{"start":{"line":105,"column":23},"end":{"line":105,"column":24}},"loc":{"start":{"line":105,"column":34},"end":{"line":149,"column":3}},"line":105},"6":{"name":"(anonymous_6)","decl":{"start":{"line":109,"column":24},"end":{"line":109,"column":25}},"loc":{"start":{"line":109,"column":35},"end":{"line":131,"column":5}},"line":109},"7":{"name":"(anonymous_7)","decl":{"start":{"line":151,"column":28},"end":{"line":151,"column":29}},"loc":{"start":{"line":151,"column":39},"end":{"line":185,"column":3}},"line":151},"8":{"name":"(anonymous_8)","decl":{"start":{"line":154,"column":24},"end":{"line":154,"column":25}},"loc":{"start":{"line":154,"column":35},"end":{"line":178,"column":5}},"line":154}},"branchMap":{"0":{"loc":{"start":{"line":35,"column":4},"end":{"line":71,"column":5}},"type":"if","locations":[{"start":{"line":35,"column":4},"end":{"line":71,"column":5}},{"start":{"line":39,"column":11},"end":{"line":71,"column":5}}],"line":35},"1":{"loc":{"start":{"line":39,"column":11},"end":{"line":71,"column":5}},"type":"if","locations":[{"start":{"line":39,"column":11},"end":{"line":71,"column":5}},{"start":{"line":41,"column":11},"end":{"line":71,"column":5}}],"line":39},"2":{"loc":{"start":{"line":41,"column":11},"end":{"line":71,"column":5}},"type":"if","locations":[{"start":{"line":41,"column":11},"end":{"line":71,"column":5}},{"start":{"line":46,"column":11},"end":{"line":71,"column":5}}],"line":41},"3":{"loc":{"start":{"line":47,"column":6},"end":{"line":70,"column":7}},"type":"if","locations":[{"start":{"line":47,"column":6},"end":{"line":70,"column":7}},{"start":{"line":61,"column":13},"end":{"line":70,"column":7}}],"line":47},"4":{"loc":{"start":{"line":65,"column":8},"end":{"line":69,"column":9}},"type":"if","locations":[{"start":{"line":65,"column":8},"end":{"line":69,"column":9}},{"start":{"line":67,"column":15},"end":{"line":69,"column":9}}],"line":65},"5":{"loc":{"start":{"line":79,"column":6},"end":{"line":79,"column":37}},"type":"if","locations":[{"start":{"line":79,"column":6},"end":{"line":79,"column":37}},{"start":{},"end":{}}],"line":79},"6":{"loc":{"start":{"line":80,"column":6},"end":{"line":88,"column":7}},"type":"if","locations":[{"start":{"line":80,"column":6},"end":{"line":88,"column":7}},{"start":{"line":82,"column":13},"end":{"line":88,"column":7}}],"line":80},"7":{"loc":{"start":{"line":83,"column":8},"end":{"line":86,"column":9}},"type":"if","locations":[{"start":{"line":83,"column":8},"end":{"line":86,"column":9}},{"start":{},"end":{}}],"line":83},"8":{"loc":{"start":{"line":90,"column":4},"end":{"line":92,"column":5}},"type":"if","locations":[{"start":{"line":90,"column":4},"end":{"line":92,"column":5}},{"start":{},"end":{}}],"line":90},"9":{"loc":{"start":{"line":101,"column":4},"end":{"line":101,"column":26}},"type":"if","locations":[{"start":{"line":101,"column":4},"end":{"line":101,"column":26}},{"start":{},"end":{}}],"line":101},"10":{"loc":{"start":{"line":110,"column":6},"end":{"line":130,"column":7}},"type":"switch","locations":[{"start":{"line":111,"column":8},"end":{"line":113,"column":16}},{"start":{"line":114,"column":8},"end":{"line":129,"column":16}}],"line":110},"11":{"loc":{"start":{"line":119,"column":12},"end":{"line":123,"column":48}},"type":"binary-expr","locations":[{"start":{"line":119,"column":12},"end":{"line":119,"column":28}},{"start":{"line":120,"column":12},"end":{"line":120,"column":22}},{"start":{"line":121,"column":13},"end":{"line":121,"column":52}},{"start":{"line":122,"column":15},"end":{"line":122,"column":56}},{"start":{"line":123,"column":16},"end":{"line":123,"column":46}}],"line":119},"12":{"loc":{"start":{"line":134,"column":6},"end":{"line":134,"column":30}},"type":"if","locations":[{"start":{"line":134,"column":6},"end":{"line":134,"column":30}},{"start":{},"end":{}}],"line":134},"13":{"loc":{"start":{"line":155,"column":6},"end":{"line":158,"column":7}},"type":"if","locations":[{"start":{"line":155,"column":6},"end":{"line":158,"column":7}},{"start":{},"end":{}}],"line":155},"14":{"loc":{"start":{"line":164,"column":6},"end":{"line":177,"column":7}},"type":"switch","locations":[{"start":{"line":165,"column":8},"end":{"line":167,"column":17}},{"start":{"line":168,"column":8},"end":{"line":170,"column":17}},{"start":{"line":171,"column":8},"end":{"line":173,"column":17}},{"start":{"line":174,"column":8},"end":{"line":176,"column":17}}],"line":164},"15":{"loc":{"start":{"line":181,"column":6},"end":{"line":181,"column":30}},"type":"if","locations":[{"start":{"line":181,"column":6},"end":{"line":181,"column":30}},{"start":{},"end":{}}],"line":181}},"s":{"0":43,"1":43,"2":43,"3":43,"4":43,"5":43,"6":35,"7":7,"8":7,"9":7,"10":28,"11":28,"12":1,"13":1,"14":1,"15":1,"16":27,"17":1,"18":1,"19":1,"20":1,"21":1,"22":1,"23":1,"24":1,"25":26,"26":26,"27":26,"28":26,"29":17,"30":9,"31":43,"32":7,"33":7,"34":7,"35":7,"36":25,"37":0,"38":25,"39":16,"40":9,"41":9,"42":9,"43":9,"44":7,"45":7,"46":7,"47":43,"48":43,"49":8,"50":8,"51":0,"52":43,"53":7,"54":7,"55":7,"56":25,"57":16,"58":16,"59":9,"60":9,"61":9,"62":1,"63":1,"64":9,"65":9,"66":7,"67":25,"68":0,"69":25,"70":7,"71":8,"72":8,"73":7,"74":43,"75":7,"76":7,"77":25,"78":16,"79":16,"80":9,"81":9,"82":9,"83":2,"84":2,"85":1,"86":1,"87":3,"88":3,"89":3,"90":3,"91":7,"92":25,"93":0,"94":25,"95":7,"96":43},"f":{"0":43,"1":35,"2":7,"3":36,"4":8,"5":7,"6":25,"7":7,"8":25},"b":{"0":[7,28],"1":[0,28],"2":[1,27],"3":[1,26],"4":[17,9],"5":[0,25],"6":[16,9],"7":[9,0],"8":[7,0],"9":[8,0],"10":[16,9],"11":[10,3,3,3,1],"12":[0,25],"13":[16,9],"14":[2,1,3,3],"15":[0,25]},"_coverageSchema":"1a1c01bbd47fc00a2c39e90264f33305004495a9","hash":"367c54fffbc9711c8e8cf908822173e04251d434"}
,"C:\\Users\\35845\\Desktop\\projekteja\\calculator\\src\\components\\Button.jsx": {"path":"C:\\Users\\35845\\Desktop\\projekteja\\calculator\\src\\components\\Button.jsx","statementMap":{"0":{"start":{"line":3,"column":15},"end":{"line":20,"column":1}},"1":{"start":{"line":4,"column":2},"end":{"line":19,"column":4}},"2":{"start":{"line":12,"column":27},"end":{"line":12,"column":41}},"3":{"start":{"line":16,"column":31},"end":{"line":16,"column":45}}},"fnMap":{"0":{"name":"(anonymous_0)","decl":{"start":{"line":3,"column":15},"end":{"line":3,"column":16}},"loc":{"start":{"line":3,"column":39},"end":{"line":20,"column":1}},"line":3},"1":{"name":"(anonymous_1)","decl":{"start":{"line":12,"column":21},"end":{"line":12,"column":22}},"loc":{"start":{"line":12,"column":27},"end":{"line":12,"column":41}},"line":12},"2":{"name":"(anonymous_2)","decl":{"start":{"line":16,"column":25},"end":{"line":16,"column":26}},"loc":{"start":{"line":16,"column":31},"end":{"line":16,"column":45}},"line":16}},"branchMap":{"0":{"loc":{"start":{"line":6,"column":7},"end":{"line":17,"column":7}},"type":"cond-expr","locations":[{"start":{"line":7,"column":8},"end":{"line":14,"column":17}},{"start":{"line":16,"column":8},"end":{"line":16,"column":59}}],"line":6}},"s":{"0":3,"1":877,"2":1,"3":37},"f":{"0":877,"1":1,"2":37},"b":{"0":[47,830]},"_coverageSchema":"1a1c01bbd47fc00a2c39e90264f33305004495a9","hash":"208449ec25eeabb7deacde1a8e9377e649f93af3"}
,"C:\\Users\\35845\\Desktop\\projekteja\\calculator\\src\\components\\CalculatorScreen.jsx": {"path":"C:\\Users\\35845\\Desktop\\projekteja\\calculator\\src\\components\\CalculatorScreen.jsx","statementMap":{"0":{"start":{"line":2,"column":25},"end":{"line":15,"column":1}},"1":{"start":{"line":6,"column":2},"end":{"line":14,"column":4}}},"fnMap":{"0":{"name":"(anonymous_0)","decl":{"start":{"line":2,"column":25},"end":{"line":2,"column":26}},"loc":{"start":{"line":2,"column":54},"end":{"line":15,"column":1}},"line":2}},"branchMap":{"0":{"loc":{"start":{"line":11,"column":9},"end":{"line":11,"column":131}},"type":"cond-expr","locations":[{"start":{"line":11,"column":23},"end":{"line":11,"column":91}},{"start":{"line":11,"column":94},"end":{"line":11,"column":131}}],"line":11}},"s":{"0":2,"1":48},"f":{"0":48},"b":{"0":[8,40]},"_coverageSchema":"1a1c01bbd47fc00a2c39e90264f33305004495a9","hash":"9bf75a312c69815782bc7d6423afe7de5748d9c4"}
,"C:\\Users\\35845\\Desktop\\projekteja\\calculator\\src\\components\\Grid.jsx": {"path":"C:\\Users\\35845\\Desktop\\projekteja\\calculator\\src\\components\\Grid.jsx","statementMap":{"0":{"start":{"line":4,"column":13},"end":{"line":42,"column":1}},"1":{"start":{"line":5,"column":20},"end":{"line":25,"column":4}},"2":{"start":{"line":27,"column":22},"end":{"line":29,"column":3}},"3":{"start":{"line":28,"column":4},"end":{"line":28,"column":19}},"4":{"start":{"line":31,"column":2},"end":{"line":41,"column":4}},"5":{"start":{"line":35,"column":12},"end":{"line":37,"column":18}}},"fnMap":{"0":{"name":"(anonymous_0)","decl":{"start":{"line":4,"column":13},"end":{"line":4,"column":14}},"loc":{"start":{"line":4,"column":34},"end":{"line":42,"column":1}},"line":4},"1":{"name":"(anonymous_1)","decl":{"start":{"line":27,"column":22},"end":{"line":27,"column":23}},"loc":{"start":{"line":27,"column":29},"end":{"line":29,"column":3}},"line":27},"2":{"name":"(anonymous_2)","decl":{"start":{"line":34,"column":21},"end":{"line":34,"column":22}},"loc":{"start":{"line":35,"column":12},"end":{"line":37,"column":18}},"line":35}},"branchMap":{"0":{"loc":{"start":{"line":35,"column":36},"end":{"line":35,"column":79}},"type":"cond-expr","locations":[{"start":{"line":35,"column":48},"end":{"line":35,"column":68}},{"start":{"line":35,"column":71},"end":{"line":35,"column":79}}],"line":35}},"s":{"0":2,"1":46,"2":46,"3":36,"4":46,"5":874},"f":{"0":46,"1":36,"2":874},"b":{"0":[46,828]},"_coverageSchema":"1a1c01bbd47fc00a2c39e90264f33305004495a9","hash":"87b2ad1de4afdd281e2b518d2df95f32d4d2c4ae"}
}
