{"C:\\Users\\35845\\Desktop\\projekteja\\calculator\\src\\App.jsx": {"path":"C:\\Users\\35845\\Desktop\\projekteja\\calculator\\src\\App.jsx","statementMap":{"0":{"start":{"line":7,"column":28},"end":{"line":7,"column":40}},"1":{"start":{"line":8,"column":40},"end":{"line":8,"column":52}},"2":{"start":{"line":9,"column":40},"end":{"line":9,"column":53}},"3":{"start":{"line":10,"column":50},"end":{"line":10,"column":65}},"4":{"start":{"line":11,"column":20},"end":{"line":32,"column":3}},"5":{"start":{"line":34,"column":22},"end":{"line":80,"column":3}},"6":{"start":{"line":35,"column":4},"end":{"line":79,"column":5}},"7":{"start":{"line":36,"column":6},"end":{"line":36,"column":13}},"8":{"start":{"line":38,"column":6},"end":{"line":78,"column":7}},"9":{"start":{"line":39,"column":8},"end":{"line":39,"column":34}},"10":{"start":{"line":40,"column":8},"end":{"line":40,"column":26}},"11":{"start":{"line":41,"column":8},"end":{"line":41,"column":49}},"12":{"start":{"line":42,"column":13},"end":{"line":78,"column":7}},"13":{"start":{"line":43,"column":8},"end":{"line":43,"column":37}},"14":{"start":{"line":44,"column":8},"end":{"line":44,"column":49}},"15":{"start":{"line":45,"column":13},"end":{"line":78,"column":7}},"16":{"start":{"line":46,"column":8},"end":{"line":46,"column":35}},"17":{"start":{"line":47,"column":8},"end":{"line":47,"column":21}},"18":{"start":{"line":48,"column":8},"end":{"line":48,"column":27}},"19":{"start":{"line":49,"column":8},"end":{"line":49,"column":28}},"20":{"start":{"line":50,"column":13},"end":{"line":78,"column":7}},"21":{"start":{"line":51,"column":8},"end":{"line":51,"column":33}},"22":{"start":{"line":52,"column":8},"end":{"line":52,"column":42}},"23":{"start":{"line":53,"column":8},"end":{"line":53,"column":15}},"24":{"start":{"line":55,"column":8},"end":{"line":77,"column":9}},"25":{"start":{"line":58,"column":27},"end":{"line":58,"column":38}},"26":{"start":{"line":59,"column":10},"end":{"line":59,"column":34}},"27":{"start":{"line":61,"column":21},"end":{"line":61,"column":32}},"28":{"start":{"line":62,"column":10},"end":{"line":62,"column":30}},"29":{"start":{"line":63,"column":10},"end":{"line":63,"column":28}},"30":{"start":{"line":65,"column":10},"end":{"line":65,"column":25}},"31":{"start":{"line":66,"column":10},"end":{"line":66,"column":37}},"32":{"start":{"line":67,"column":10},"end":{"line":67,"column":37}},"33":{"start":{"line":69,"column":21},"end":{"line":69,"column":32}},"34":{"start":{"line":70,"column":10},"end":{"line":70,"column":28}},"35":{"start":{"line":71,"column":10},"end":{"line":71,"column":31}},"36":{"start":{"line":72,"column":10},"end":{"line":76,"column":11}},"37":{"start":{"line":73,"column":12},"end":{"line":73,"column":40}},"38":{"start":{"line":75,"column":12},"end":{"line":75,"column":40}},"39":{"start":{"line":82,"column":21},"end":{"line":102,"column":3}},"40":{"start":{"line":84,"column":19},"end":{"line":84,"column":21}},"41":{"start":{"line":85,"column":16},"end":{"line":85,"column":18}},"42":{"start":{"line":86,"column":4},"end":{"line":97,"column":5}},"43":{"start":{"line":86,"column":17},"end":{"line":86,"column":18}},"44":{"start":{"line":87,"column":6},"end":{"line":87,"column":37}},"45":{"start":{"line":87,"column":28},"end":{"line":87,"column":37}},"46":{"start":{"line":88,"column":6},"end":{"line":96,"column":7}},"47":{"start":{"line":89,"column":8},"end":{"line":89,"column":26}},"48":{"start":{"line":91,"column":8},"end":{"line":94,"column":9}},"49":{"start":{"line":92,"column":10},"end":{"line":92,"column":29}},"50":{"start":{"line":93,"column":10},"end":{"line":93,"column":21}},"51":{"start":{"line":95,"column":8},"end":{"line":95,"column":30}},"52":{"start":{"line":98,"column":4},"end":{"line":100,"column":5}},"53":{"start":{"line":99,"column":6},"end":{"line":99,"column":25}},"54":{"start":{"line":101,"column":4},"end":{"line":101,"column":25}},"55":{"start":{"line":108,"column":17},"end":{"line":111,"column":3}},"56":{"start":{"line":109,"column":4},"end":{"line":109,"column":26}},"57":{"start":{"line":109,"column":19},"end":{"line":109,"column":26}},"58":{"start":{"line":110,"column":4},"end":{"line":110,"column":61}},"59":{"start":{"line":113,"column":23},"end":{"line":164,"column":3}},"60":{"start":{"line":114,"column":18},"end":{"line":114,"column":20}},"61":{"start":{"line":115,"column":17},"end":{"line":115,"column":19}},"62":{"start":{"line":117,"column":24},"end":{"line":139,"column":5}},"63":{"start":{"line":118,"column":6},"end":{"line":138,"column":7}},"64":{"start":{"line":120,"column":10},"end":{"line":120,"column":29}},"65":{"start":{"line":121,"column":10},"end":{"line":121,"column":16}},"66":{"start":{"line":123,"column":21},"end":{"line":123,"column":26}},"67":{"start":{"line":124,"column":19},"end":{"line":124,"column":42}},"68":{"start":{"line":126,"column":10},"end":{"line":135,"column":11}},"69":{"start":{"line":133,"column":12},"end":{"line":133,"column":37}},"70":{"start":{"line":134,"column":12},"end":{"line":134,"column":41}},"71":{"start":{"line":136,"column":10},"end":{"line":136,"column":25}},"72":{"start":{"line":137,"column":10},"end":{"line":137,"column":16}},"73":{"start":{"line":141,"column":4},"end":{"line":145,"column":5}},"74":{"start":{"line":142,"column":6},"end":{"line":142,"column":30}},"75":{"start":{"line":142,"column":21},"end":{"line":142,"column":30}},"76":{"start":{"line":144,"column":6},"end":{"line":144,"column":21}},"77":{"start":{"line":147,"column":4},"end":{"line":150,"column":5}},"78":{"start":{"line":148,"column":6},"end":{"line":148,"column":46}},"79":{"start":{"line":149,"column":6},"end":{"line":149,"column":31}},"80":{"start":{"line":157,"column":4},"end":{"line":163,"column":5}},"81":{"start":{"line":158,"column":6},"end":{"line":158,"column":25}},"82":{"start":{"line":159,"column":6},"end":{"line":159,"column":25}},"83":{"start":{"line":161,"column":4},"end":{"line":161,"column":30}},"84":{"start":{"line":166,"column":28},"end":{"line":205,"column":3}},"85":{"start":{"line":167,"column":18},"end":{"line":167,"column":20}},"86":{"start":{"line":168,"column":16},"end":{"line":168,"column":36}},"87":{"start":{"line":170,"column":24},"end":{"line":198,"column":5}},"88":{"start":{"line":171,"column":6},"end":{"line":174,"column":7}},"89":{"start":{"line":172,"column":8},"end":{"line":172,"column":26}},"90":{"start":{"line":173,"column":8},"end":{"line":173,"column":15}},"91":{"start":{"line":176,"column":20},"end":{"line":176,"column":43}},"92":{"start":{"line":177,"column":19},"end":{"line":177,"column":42}},"93":{"start":{"line":180,"column":6},"end":{"line":183,"column":7}},"94":{"start":{"line":181,"column":8},"end":{"line":181,"column":30}},"95":{"start":{"line":182,"column":8},"end":{"line":182,"column":15}},"96":{"start":{"line":184,"column":6},"end":{"line":197,"column":7}},"97":{"start":{"line":186,"column":10},"end":{"line":186,"column":35}},"98":{"start":{"line":187,"column":10},"end":{"line":187,"column":16}},"99":{"start":{"line":189,"column":10},"end":{"line":189,"column":35}},"100":{"start":{"line":190,"column":10},"end":{"line":190,"column":16}},"101":{"start":{"line":192,"column":10},"end":{"line":192,"column":35}},"102":{"start":{"line":193,"column":10},"end":{"line":193,"column":16}},"103":{"start":{"line":195,"column":10},"end":{"line":195,"column":35}},"104":{"start":{"line":196,"column":10},"end":{"line":196,"column":16}},"105":{"start":{"line":200,"column":4},"end":{"line":203,"column":5}},"106":{"start":{"line":201,"column":6},"end":{"line":201,"column":30}},"107":{"start":{"line":201,"column":21},"end":{"line":201,"column":30}},"108":{"start":{"line":202,"column":6},"end":{"line":202,"column":21}},"109":{"start":{"line":204,"column":4},"end":{"line":204,"column":32}},"110":{"start":{"line":207,"column":2},"end":{"line":212,"column":4}}},"fnMap":{"0":{"name":"App","decl":{"start":{"line":6,"column":9},"end":{"line":6,"column":12}},"loc":{"start":{"line":6,"column":15},"end":{"line":213,"column":1}},"line":6},"1":{"name":"(anonymous_1)","decl":{"start":{"line":34,"column":22},"end":{"line":34,"column":23}},"loc":{"start":{"line":34,"column":37},"end":{"line":80,"column":3}},"line":34},"2":{"name":"(anonymous_2)","decl":{"start":{"line":82,"column":21},"end":{"line":82,"column":22}},"loc":{"start":{"line":82,"column":32},"end":{"line":102,"column":3}},"line":82},"3":{"name":"(anonymous_3)","decl":{"start":{"line":108,"column":17},"end":{"line":108,"column":18}},"loc":{"start":{"line":108,"column":32},"end":{"line":111,"column":3}},"line":108},"4":{"name":"(anonymous_4)","decl":{"start":{"line":113,"column":23},"end":{"line":113,"column":24}},"loc":{"start":{"line":113,"column":34},"end":{"line":164,"column":3}},"line":113},"5":{"name":"(anonymous_5)","decl":{"start":{"line":117,"column":24},"end":{"line":117,"column":25}},"loc":{"start":{"line":117,"column":35},"end":{"line":139,"column":5}},"line":117},"6":{"name":"(anonymous_6)","decl":{"start":{"line":166,"column":28},"end":{"line":166,"column":29}},"loc":{"start":{"line":166,"column":39},"end":{"line":205,"column":3}},"line":166},"7":{"name":"(anonymous_7)","decl":{"start":{"line":170,"column":24},"end":{"line":170,"column":25}},"loc":{"start":{"line":170,"column":35},"end":{"line":198,"column":5}},"line":170}},"branchMap":{"0":{"loc":{"start":{"line":35,"column":4},"end":{"line":79,"column":5}},"type":"if","locations":[{"start":{"line":35,"column":4},"end":{"line":79,"column":5}},{"start":{"line":37,"column":11},"end":{"line":79,"column":5}}],"line":35},"1":{"loc":{"start":{"line":35,"column":8},"end":{"line":35,"column":57}},"type":"binary-expr","locations":[{"start":{"line":35,"column":8},"end":{"line":35,"column":24}},{"start":{"line":35,"column":28},"end":{"line":35,"column":57}}],"line":35},"2":{"loc":{"start":{"line":38,"column":6},"end":{"line":78,"column":7}},"type":"if","locations":[{"start":{"line":38,"column":6},"end":{"line":78,"column":7}},{"start":{"line":42,"column":13},"end":{"line":78,"column":7}}],"line":38},"3":{"loc":{"start":{"line":42,"column":13},"end":{"line":78,"column":7}},"type":"if","locations":[{"start":{"line":42,"column":13},"end":{"line":78,"column":7}},{"start":{"line":45,"column":13},"end":{"line":78,"column":7}}],"line":42},"4":{"loc":{"start":{"line":45,"column":13},"end":{"line":78,"column":7}},"type":"if","locations":[{"start":{"line":45,"column":13},"end":{"line":78,"column":7}},{"start":{"line":50,"column":13},"end":{"line":78,"column":7}}],"line":45},"5":{"loc":{"start":{"line":50,"column":13},"end":{"line":78,"column":7}},"type":"if","locations":[{"start":{"line":50,"column":13},"end":{"line":78,"column":7}},{"start":{"line":54,"column":13},"end":{"line":78,"column":7}}],"line":50},"6":{"loc":{"start":{"line":55,"column":8},"end":{"line":77,"column":9}},"type":"if","locations":[{"start":{"line":55,"column":8},"end":{"line":77,"column":9}},{"start":{"line":68,"column":15},"end":{"line":77,"column":9}}],"line":55},"7":{"loc":{"start":{"line":72,"column":10},"end":{"line":76,"column":11}},"type":"if","locations":[{"start":{"line":72,"column":10},"end":{"line":76,"column":11}},{"start":{"line":74,"column":17},"end":{"line":76,"column":11}}],"line":72},"8":{"loc":{"start":{"line":87,"column":6},"end":{"line":87,"column":37}},"type":"if","locations":[{"start":{"line":87,"column":6},"end":{"line":87,"column":37}},{"start":{},"end":{}}],"line":87},"9":{"loc":{"start":{"line":88,"column":6},"end":{"line":96,"column":7}},"type":"if","locations":[{"start":{"line":88,"column":6},"end":{"line":96,"column":7}},{"start":{"line":90,"column":13},"end":{"line":96,"column":7}}],"line":88},"10":{"loc":{"start":{"line":91,"column":8},"end":{"line":94,"column":9}},"type":"if","locations":[{"start":{"line":91,"column":8},"end":{"line":94,"column":9}},{"start":{},"end":{}}],"line":91},"11":{"loc":{"start":{"line":98,"column":4},"end":{"line":100,"column":5}},"type":"if","locations":[{"start":{"line":98,"column":4},"end":{"line":100,"column":5}},{"start":{},"end":{}}],"line":98},"12":{"loc":{"start":{"line":109,"column":4},"end":{"line":109,"column":26}},"type":"if","locations":[{"start":{"line":109,"column":4},"end":{"line":109,"column":26}},{"start":{},"end":{}}],"line":109},"13":{"loc":{"start":{"line":118,"column":6},"end":{"line":138,"column":7}},"type":"switch","locations":[{"start":{"line":119,"column":8},"end":{"line":121,"column":16}},{"start":{"line":122,"column":8},"end":{"line":137,"column":16}}],"line":118},"14":{"loc":{"start":{"line":127,"column":12},"end":{"line":131,"column":48}},"type":"binary-expr","locations":[{"start":{"line":127,"column":12},"end":{"line":127,"column":28}},{"start":{"line":128,"column":12},"end":{"line":128,"column":22}},{"start":{"line":129,"column":13},"end":{"line":129,"column":52}},{"start":{"line":130,"column":15},"end":{"line":130,"column":56}},{"start":{"line":131,"column":16},"end":{"line":131,"column":46}}],"line":127},"15":{"loc":{"start":{"line":142,"column":6},"end":{"line":142,"column":30}},"type":"if","locations":[{"start":{"line":142,"column":6},"end":{"line":142,"column":30}},{"start":{},"end":{}}],"line":142},"16":{"loc":{"start":{"line":157,"column":4},"end":{"line":163,"column":5}},"type":"if","locations":[{"start":{"line":157,"column":4},"end":{"line":163,"column":5}},{"start":{"line":160,"column":11},"end":{"line":163,"column":5}}],"line":157},"17":{"loc":{"start":{"line":171,"column":6},"end":{"line":174,"column":7}},"type":"if","locations":[{"start":{"line":171,"column":6},"end":{"line":174,"column":7}},{"start":{},"end":{}}],"line":171},"18":{"loc":{"start":{"line":180,"column":6},"end":{"line":183,"column":7}},"type":"if","locations":[{"start":{"line":180,"column":6},"end":{"line":183,"column":7}},{"start":{},"end":{}}],"line":180},"19":{"loc":{"start":{"line":180,"column":10},"end":{"line":180,"column":38}},"type":"binary-expr","locations":[{"start":{"line":180,"column":10},"end":{"line":180,"column":23}},{"start":{"line":180,"column":27},"end":{"line":180,"column":38}}],"line":180},"20":{"loc":{"start":{"line":184,"column":6},"end":{"line":197,"column":7}},"type":"switch","locations":[{"start":{"line":185,"column":8},"end":{"line":187,"column":16}},{"start":{"line":188,"column":8},"end":{"line":190,"column":16}},{"start":{"line":191,"column":8},"end":{"line":193,"column":16}},{"start":{"line":194,"column":8},"end":{"line":196,"column":16}}],"line":184},"21":{"loc":{"start":{"line":201,"column":6},"end":{"line":201,"column":30}},"type":"if","locations":[{"start":{"line":201,"column":6},"end":{"line":201,"column":30}},{"start":{},"end":{}}],"line":201}},"s":{"0":142,"1":142,"2":142,"3":142,"4":142,"5":142,"6":125,"7":2,"8":123,"9":15,"10":15,"11":15,"12":108,"13":1,"14":1,"15":107,"16":1,"17":1,"18":1,"19":1,"20":106,"21":3,"22":3,"23":3,"24":103,"25":1,"26":1,"27":1,"28":1,"29":1,"30":1,"31":1,"32":1,"33":102,"34":102,"35":102,"36":102,"37":69,"38":33,"39":142,"40":15,"41":15,"42":15,"43":15,"44":104,"45":0,"46":104,"47":78,"48":26,"49":26,"50":26,"51":26,"52":15,"53":15,"54":15,"55":142,"56":22,"57":22,"58":0,"59":142,"60":15,"61":15,"62":15,"63":67,"64":41,"65":41,"66":26,"67":26,"68":26,"69":4,"70":4,"71":26,"72":26,"73":15,"74":67,"75":0,"76":67,"77":15,"78":22,"79":22,"80":15,"81":0,"82":0,"83":15,"84":142,"85":15,"86":15,"87":15,"88":67,"89":41,"90":41,"91":26,"92":26,"93":26,"94":1,"95":1,"96":25,"97":9,"98":9,"99":1,"100":1,"101":5,"102":5,"103":10,"104":10,"105":15,"106":67,"107":0,"108":67,"109":15,"110":142},"f":{"0":142,"1":125,"2":15,"3":22,"4":15,"5":67,"6":15,"7":67},"b":{"0":[2,123],"1":[125,56],"2":[15,108],"3":[1,107],"4":[1,106],"5":[3,103],"6":[1,102],"7":[69,33],"8":[0,104],"9":[78,26],"10":[26,0],"11":[15,0],"12":[22,0],"13":[41,26],"14":[30,14,14,13,3],"15":[0,67],"16":[0,15],"17":[41,26],"18":[1,25],"19":[26,11],"20":[9,1,5,10],"21":[0,67]},"_coverageSchema":"1a1c01bbd47fc00a2c39e90264f33305004495a9","hash":"d801333fe4cc4e43ff0e3219b7e2c2e6cf81db97"}
,"C:\\Users\\35845\\Desktop\\projekteja\\calculator\\src\\components\\Button.jsx": {"path":"C:\\Users\\35845\\Desktop\\projekteja\\calculator\\src\\components\\Button.jsx","statementMap":{"0":{"start":{"line":3,"column":15},"end":{"line":20,"column":1}},"1":{"start":{"line":4,"column":2},"end":{"line":19,"column":4}},"2":{"start":{"line":12,"column":27},"end":{"line":12,"column":41}},"3":{"start":{"line":16,"column":59},"end":{"line":16,"column":73}}},"fnMap":{"0":{"name":"(anonymous_0)","decl":{"start":{"line":3,"column":15},"end":{"line":3,"column":16}},"loc":{"start":{"line":3,"column":39},"end":{"line":20,"column":1}},"line":3},"1":{"name":"(anonymous_1)","decl":{"start":{"line":12,"column":21},"end":{"line":12,"column":22}},"loc":{"start":{"line":12,"column":27},"end":{"line":12,"column":41}},"line":12},"2":{"name":"(anonymous_2)","decl":{"start":{"line":16,"column":53},"end":{"line":16,"column":54}},"loc":{"start":{"line":16,"column":59},"end":{"line":16,"column":73}},"line":16}},"branchMap":{"0":{"loc":{"start":{"line":6,"column":7},"end":{"line":17,"column":7}},"type":"cond-expr","locations":[{"start":{"line":7,"column":8},"end":{"line":14,"column":17}},{"start":{"line":16,"column":8},"end":{"line":16,"column":87}}],"line":6}},"s":{"0":1,"1":2698,"2":1,"3":124},"f":{"0":2698,"1":1,"2":124},"b":{"0":[142,2556]},"_coverageSchema":"1a1c01bbd47fc00a2c39e90264f33305004495a9","hash":"7cf6cb3d1f1b2bbc48947d4d5155be633c161af4"}
,"C:\\Users\\35845\\Desktop\\projekteja\\calculator\\src\\components\\CalculatorScreen.jsx": {"path":"C:\\Users\\35845\\Desktop\\projekteja\\calculator\\src\\components\\CalculatorScreen.jsx","statementMap":{"0":{"start":{"line":1,"column":25},"end":{"line":23,"column":1}},"1":{"start":{"line":4,"column":2},"end":{"line":22,"column":4}}},"fnMap":{"0":{"name":"(anonymous_0)","decl":{"start":{"line":1,"column":25},"end":{"line":1,"column":26}},"loc":{"start":{"line":1,"column":54},"end":{"line":23,"column":1}},"line":1}},"branchMap":{"0":{"loc":{"start":{"line":11,"column":9},"end":{"line":17,"column":9}},"type":"cond-expr","locations":[{"start":{"line":12,"column":10},"end":{"line":12,"column":65}},{"start":{"line":13,"column":12},"end":{"line":17,"column":9}}],"line":11},"1":{"loc":{"start":{"line":13,"column":12},"end":{"line":17,"column":9}},"type":"cond-expr","locations":[{"start":{"line":14,"column":10},"end":{"line":14,"column":76}},{"start":{"line":16,"column":10},"end":{"line":16,"column":46}}],"line":13}},"s":{"0":1,"1":142},"f":{"0":142},"b":{"0":[130,12],"1":[12,0]},"_coverageSchema":"1a1c01bbd47fc00a2c39e90264f33305004495a9","hash":"7e9fecc366915ac7f78f677fdb1348b458861092"}
,"C:\\Users\\35845\\Desktop\\projekteja\\calculator\\src\\components\\Grid.jsx": {"path":"C:\\Users\\35845\\Desktop\\projekteja\\calculator\\src\\components\\Grid.jsx","statementMap":{"0":{"start":{"line":4,"column":13},"end":{"line":42,"column":1}},"1":{"start":{"line":5,"column":20},"end":{"line":25,"column":4}},"2":{"start":{"line":27,"column":22},"end":{"line":29,"column":3}},"3":{"start":{"line":28,"column":4},"end":{"line":28,"column":19}},"4":{"start":{"line":31,"column":2},"end":{"line":41,"column":4}},"5":{"start":{"line":35,"column":12},"end":{"line":37,"column":18}}},"fnMap":{"0":{"name":"(anonymous_0)","decl":{"start":{"line":4,"column":13},"end":{"line":4,"column":14}},"loc":{"start":{"line":4,"column":34},"end":{"line":42,"column":1}},"line":4},"1":{"name":"(anonymous_1)","decl":{"start":{"line":27,"column":22},"end":{"line":27,"column":23}},"loc":{"start":{"line":27,"column":29},"end":{"line":29,"column":3}},"line":27},"2":{"name":"(anonymous_2)","decl":{"start":{"line":34,"column":21},"end":{"line":34,"column":22}},"loc":{"start":{"line":35,"column":12},"end":{"line":37,"column":18}},"line":35}},"branchMap":{"0":{"loc":{"start":{"line":35,"column":36},"end":{"line":35,"column":79}},"type":"cond-expr","locations":[{"start":{"line":35,"column":48},"end":{"line":35,"column":68}},{"start":{"line":35,"column":71},"end":{"line":35,"column":79}}],"line":35}},"s":{"0":1,"1":142,"2":142,"3":125,"4":142,"5":2698},"f":{"0":142,"1":125,"2":2698},"b":{"0":[142,2556]},"_coverageSchema":"1a1c01bbd47fc00a2c39e90264f33305004495a9","hash":"87b2ad1de4afdd281e2b518d2df95f32d4d2c4ae"}
}
