TN:
SF:src\App.jsx
FN:6,App
FN:34,(anonymous_1)
FN:82,(anonymous_2)
FN:108,(anonymous_3)
FN:113,(anonymous_4)
FN:117,(anonymous_5)
FN:166,(anonymous_6)
FN:170,(anonymous_7)
FNF:8
FNH:8
FNDA:142,App
FNDA:125,(anonymous_1)
FNDA:15,(anonymous_2)
FNDA:22,(anonymous_3)
FNDA:15,(anonymous_4)
FNDA:67,(anonymous_5)
FNDA:15,(anonymous_6)
FNDA:67,(anonymous_7)
DA:7,142
DA:8,142
DA:9,142
DA:10,142
DA:11,142
DA:34,142
DA:35,125
DA:36,2
DA:38,123
DA:39,15
DA:40,15
DA:41,15
DA:42,108
DA:43,1
DA:44,1
DA:45,107
DA:46,1
DA:47,1
DA:48,1
DA:49,1
DA:50,106
DA:51,3
DA:52,3
DA:53,3
DA:55,103
DA:58,1
DA:59,1
DA:61,1
DA:62,1
DA:63,1
DA:65,1
DA:66,1
DA:67,1
DA:69,102
DA:70,102
DA:71,102
DA:72,102
DA:73,69
DA:75,33
DA:82,142
DA:84,15
DA:85,15
DA:86,15
DA:87,104
DA:88,104
DA:89,78
DA:91,26
DA:92,26
DA:93,26
DA:95,26
DA:98,15
DA:99,15
DA:101,15
DA:108,142
DA:109,22
DA:110,0
DA:113,142
DA:114,15
DA:115,15
DA:117,15
DA:118,67
DA:120,41
DA:121,41
DA:123,26
DA:124,26
DA:126,26
DA:133,4
DA:134,4
DA:136,26
DA:137,26
DA:141,15
DA:142,67
DA:144,67
DA:147,15
DA:148,22
DA:149,22
DA:157,15
DA:158,0
DA:159,0
DA:161,15
DA:166,142
DA:167,15
DA:168,15
DA:170,15
DA:171,67
DA:172,41
DA:173,41
DA:176,26
DA:177,26
DA:180,26
DA:181,1
DA:182,1
DA:184,25
DA:186,9
DA:187,9
DA:189,1
DA:190,1
DA:192,5
DA:193,5
DA:195,10
DA:196,10
DA:200,15
DA:201,67
DA:202,67
DA:204,15
DA:207,142
LF:106
LH:103
BRDA:35,0,0,2
BRDA:35,0,1,123
BRDA:35,1,0,125
BRDA:35,1,1,56
BRDA:38,2,0,15
BRDA:38,2,1,108
BRDA:42,3,0,1
BRDA:42,3,1,107
BRDA:45,4,0,1
BRDA:45,4,1,106
BRDA:50,5,0,3
BRDA:50,5,1,103
BRDA:55,6,0,1
BRDA:55,6,1,102
BRDA:72,7,0,69
BRDA:72,7,1,33
BRDA:87,8,0,0
BRDA:87,8,1,104
BRDA:88,9,0,78
BRDA:88,9,1,26
BRDA:91,10,0,26
BRDA:91,10,1,0
BRDA:98,11,0,15
BRDA:98,11,1,0
BRDA:109,12,0,22
BRDA:109,12,1,0
BRDA:118,13,0,41
BRDA:118,13,1,26
BRDA:127,14,0,30
BRDA:127,14,1,14
BRDA:127,14,2,14
BRDA:127,14,3,13
BRDA:127,14,4,3
BRDA:142,15,0,0
BRDA:142,15,1,67
BRDA:157,16,0,0
BRDA:157,16,1,15
BRDA:171,17,0,41
BRDA:171,17,1,26
BRDA:180,18,0,1
BRDA:180,18,1,25
BRDA:180,19,0,26
BRDA:180,19,1,11
BRDA:184,20,0,9
BRDA:184,20,1,1
BRDA:184,20,2,5
BRDA:184,20,3,10
BRDA:201,21,0,0
BRDA:201,21,1,67
BRF:49
BRH:42
end_of_record
TN:
SF:src\components\Button.jsx
FN:3,(anonymous_0)
FN:12,(anonymous_1)
FN:16,(anonymous_2)
FNF:3
FNH:3
FNDA:2698,(anonymous_0)
FNDA:1,(anonymous_1)
FNDA:124,(anonymous_2)
DA:3,1
DA:4,2698
DA:12,1
DA:16,124
LF:4
LH:4
BRDA:6,0,0,142
BRDA:6,0,1,2556
BRF:2
BRH:2
end_of_record
TN:
SF:src\components\CalculatorScreen.jsx
FN:1,(anonymous_0)
FNF:1
FNH:1
FNDA:142,(anonymous_0)
DA:1,1
DA:4,142
LF:2
LH:2
BRDA:11,0,0,130
BRDA:11,0,1,12
BRDA:13,1,0,12
BRDA:13,1,1,0
BRF:4
BRH:3
end_of_record
TN:
SF:src\components\Grid.jsx
FN:4,(anonymous_0)
FN:27,(anonymous_1)
FN:34,(anonymous_2)
FNF:3
FNH:3
FNDA:142,(anonymous_0)
FNDA:125,(anonymous_1)
FNDA:2698,(anonymous_2)
DA:4,1
DA:5,142
DA:27,142
DA:28,125
DA:31,142
DA:35,2698
LF:6
LH:6
BRDA:35,0,0,142
BRDA:35,0,1,2556
BRF:2
BRH:2
end_of_record
