TN:
SF:src\App.jsx
FN:6,App
FN:34,(anonymous_1)
FN:74,(anonymous_2)
FN:96,(anonymous_3)
FN:100,(anonymous_4)
FN:105,(anonymous_5)
FN:109,(anonymous_6)
FN:151,(anonymous_7)
FN:154,(anonymous_8)
FNF:9
FNH:9
FNDA:43,App
FNDA:35,(anonymous_1)
FNDA:7,(anonymous_2)
FNDA:36,(anonymous_3)
FNDA:8,(anonymous_4)
FNDA:7,(anonymous_5)
FNDA:25,(anonymous_6)
FNDA:7,(anonymous_7)
FNDA:25,(anonymous_8)
DA:7,43
DA:8,43
DA:9,43
DA:10,43
DA:11,43
DA:34,43
DA:35,35
DA:36,7
DA:37,7
DA:38,7
DA:39,28
DA:41,28
DA:42,1
DA:43,1
DA:44,1
DA:45,1
DA:47,27
DA:50,1
DA:51,1
DA:53,1
DA:54,1
DA:55,1
DA:57,1
DA:58,1
DA:59,1
DA:62,26
DA:63,26
DA:64,26
DA:65,26
DA:66,17
DA:68,9
DA:74,43
DA:76,7
DA:77,7
DA:78,7
DA:79,25
DA:80,25
DA:81,16
DA:83,9
DA:84,9
DA:85,9
DA:87,9
DA:90,7
DA:91,7
DA:93,7
DA:96,43
DA:100,43
DA:101,8
DA:102,0
DA:105,43
DA:106,7
DA:107,7
DA:109,7
DA:110,25
DA:112,16
DA:113,16
DA:115,9
DA:116,9
DA:118,9
DA:125,1
DA:126,1
DA:128,9
DA:129,9
DA:133,7
DA:134,25
DA:136,25
DA:139,7
DA:140,8
DA:141,8
DA:148,7
DA:151,43
DA:152,7
DA:154,7
DA:155,25
DA:156,16
DA:157,16
DA:160,9
DA:161,9
DA:164,9
DA:166,2
DA:167,2
DA:169,1
DA:170,1
DA:172,3
DA:173,3
DA:175,3
DA:176,3
DA:180,7
DA:181,25
DA:182,25
DA:184,7
DA:187,43
LF:92
LH:91
BRDA:35,0,0,7
BRDA:35,0,1,28
BRDA:39,1,0,0
BRDA:39,1,1,28
BRDA:41,2,0,1
BRDA:41,2,1,27
BRDA:47,3,0,1
BRDA:47,3,1,26
BRDA:65,4,0,17
BRDA:65,4,1,9
BRDA:79,5,0,0
BRDA:79,5,1,25
BRDA:80,6,0,16
BRDA:80,6,1,9
BRDA:83,7,0,9
BRDA:83,7,1,0
BRDA:90,8,0,7
BRDA:90,8,1,0
BRDA:101,9,0,8
BRDA:101,9,1,0
BRDA:110,10,0,16
BRDA:110,10,1,9
BRDA:119,11,0,10
BRDA:119,11,1,3
BRDA:119,11,2,3
BRDA:119,11,3,3
BRDA:119,11,4,1
BRDA:134,12,0,0
BRDA:134,12,1,25
BRDA:155,13,0,16
BRDA:155,13,1,9
BRDA:164,14,0,2
BRDA:164,14,1,1
BRDA:164,14,2,3
BRDA:164,14,3,3
BRDA:181,15,0,0
BRDA:181,15,1,25
BRF:37
BRH:30
end_of_record
TN:
SF:src\components\Button.jsx
FN:3,(anonymous_0)
FN:12,(anonymous_1)
FN:16,(anonymous_2)
FNF:3
FNH:3
FNDA:877,(anonymous_0)
FNDA:1,(anonymous_1)
FNDA:37,(anonymous_2)
DA:3,3
DA:4,877
DA:12,1
DA:16,37
LF:4
LH:4
BRDA:6,0,0,47
BRDA:6,0,1,830
BRF:2
BRH:2
end_of_record
TN:
SF:src\components\CalculatorScreen.jsx
FN:2,(anonymous_0)
FNF:1
FNH:1
FNDA:48,(anonymous_0)
DA:2,2
DA:6,48
LF:2
LH:2
BRDA:11,0,0,8
BRDA:11,0,1,40
BRF:2
BRH:2
end_of_record
TN:
SF:src\components\Grid.jsx
FN:4,(anonymous_0)
FN:27,(anonymous_1)
FN:34,(anonymous_2)
FNF:3
FNH:3
FNDA:46,(anonymous_0)
FNDA:36,(anonymous_1)
FNDA:874,(anonymous_2)
DA:4,2
DA:5,46
DA:27,46
DA:28,36
DA:31,46
DA:35,874
LF:6
LH:6
BRDA:35,0,0,46
BRDA:35,0,1,828
BRF:2
BRH:2
end_of_record
